<?xml version="1.0" encoding="UTF-8"?>
<!-- Generated by org.testng.reporters.JUnitReportReporter -->
<testsuite hostname="Julianda" failures="0" tests="1" name="Tests.ChangePIN" time="78.461" errors="0" timestamp="20 Nov 2023 04:20:43 GMT" skipped="0">
  <testcase classname="Tests.ChangePIN" name="ChangeCardPIN" time="78.461"/>
</testsuite> <!-- Tests.ChangePIN -->
