<?xml version="1.0" encoding="UTF-8"?>
<!-- Generated by org.testng.reporters.JUnitReportReporter -->
<testsuite hostname="42HW170133" failures="0" tests="1" name="Tests.CreateNewMandate" time="116.284" errors="0" timestamp="16 Nov 2023 09:54:54 GMT" skipped="0">
  <testcase classname="Tests.CreateNewMandate" name="CreateNewEmandate" time="116.284"/>
</testsuite> <!-- Tests.CreateNewMandate -->
