<?xml version="1.0" encoding="UTF-8"?>
<!-- Generated by org.testng.reporters.JUnitReportReporter -->
<testsuite hostname="Julianda" failures="0" tests="1" name="Tests.UserLoginTests" time="21.144" errors="0" timestamp="20 Nov 2023 00:42:03 GMT" skipped="0">
  <testcase classname="Tests.UserLoginTests" name="UserLoginTest" time="21.144"/>
</testsuite> <!-- Tests.UserLoginTests -->
