<?xml version="1.0" encoding="UTF-8"?>
<!-- Generated by org.testng.reporters.JUnitReportReporter -->
<testsuite hostname="42HW170133" failures="0" tests="1" name="Tests.DeleteConnectedAccount" time="88.263" errors="0" timestamp="16 Nov 2023 09:48:27 GMT" skipped="0">
  <testcase classname="Tests.DeleteConnectedAccount" name="DeleteConnectedAccount" time="88.263"/>
</testsuite> <!-- Tests.DeleteConnectedAccount -->
