<?xml version="1.0" encoding="UTF-8"?>
<!-- Generated by org.testng.reporters.JUnitReportReporter -->
<testsuite hostname="Julianda" failures="0" tests="1" name="Tests.AccessDCM" time="64.844" errors="0" timestamp="13 Nov 2023 10:10:37 GMT" skipped="0">
  <testcase classname="Tests.AccessDCM" name="AccessDCMPage" time="64.844"/>
</testsuite> <!-- Tests.AccessDCM -->
