<?xml version="1.0" encoding="UTF-8"?>
<!-- Generated by org.testng.reporters.JUnitReportReporter -->
<testsuite hostname="Julianda" failures="0" tests="1" name="Tests.PermanetBlockCard" time="45.566" errors="0" timestamp="20 Nov 2023 04:29:57 GMT" skipped="0">
  <testcase classname="Tests.PermanetBlockCard" name="BlockCardPermanent" time="45.566"/>
</testsuite> <!-- Tests.PermanetBlockCard -->
