<?xml version="1.0" encoding="UTF-8"?>
<!-- Generated by org.testng.reporters.JUnitReportReporter -->
<testsuite hostname="Julianda" failures="0" tests="1" name="Tests.ConnectNewAccount" time="103.277" errors="0" timestamp="13 Nov 2023 11:37:52 GMT" skipped="0">
  <testcase classname="Tests.ConnectNewAccount" name="ConnectNewAccount" time="103.277"/>
</testsuite> <!-- Tests.ConnectNewAccount -->
