<?xml version="1.0" encoding="UTF-8"?>
<!-- Generated by org.testng.reporters.JUnitReportReporter -->
<testsuite hostname="Julianda" failures="0" tests="1" name="Tests.UserLoginTests" time="14.663" errors="0" timestamp="19 Nov 2023 23:25:50 GMT" skipped="0">
  <testcase classname="Tests.UserLoginTests" name="UserLoginTest" time="14.663"/>
</testsuite> <!-- Tests.UserLoginTests -->
