<?xml version="1.0" encoding="UTF-8"?>
<!-- Generated by org.testng.reporters.JUnitReportReporter -->
<testsuite hostname="42HW170133" failures="0" tests="1" name="Tests.ConnectNewAccount" time="111.998" errors="0" timestamp="16 Nov 2023 09:48:27 GMT" skipped="0">
  <testcase classname="Tests.ConnectNewAccount" name="ConnectNewAccount" time="111.998"/>
</testsuite> <!-- Tests.ConnectNewAccount -->
